{"C:\\Users\\emirh\\Hacktiv8\\Phase 2\\IP\\IP-HCK90\\Backend\\app.js": {"path":"C:\\Users\\emirh\\Hacktiv8\\Phase 2\\IP\\IP-HCK90\\Backend\\app.js","statementMap":{"0":{"start":{"line":1,"column":16},"end":{"line":1,"column":34}},"1":{"start":{"line":2,"column":23},"end":{"line":2,"column":62}},"2":{"start":{"line":3,"column":23},"end":{"line":3,"column":62}},"3":{"start":{"line":4,"column":23},"end":{"line":4,"column":62}},"4":{"start":{"line":5,"column":40},"end":{"line":5,"column":75}},"5":{"start":{"line":6,"column":13},"end":{"line":6,"column":37}},"6":{"start":{"line":8,"column":12},"end":{"line":8,"column":21}},"7":{"start":{"line":11,"column":0},"end":{"line":11,"column":49}},"8":{"start":{"line":12,"column":0},"end":{"line":12,"column":24}},"9":{"start":{"line":15,"column":0},"end":{"line":17,"column":3}},"10":{"start":{"line":16,"column":2},"end":{"line":16,"column":34}},"11":{"start":{"line":18,"column":0},"end":{"line":18,"column":60}},"12":{"start":{"line":19,"column":0},"end":{"line":19,"column":54}},"13":{"start":{"line":20,"column":0},"end":{"line":20,"column":58}},"14":{"start":{"line":23,"column":0},"end":{"line":23,"column":47}},"15":{"start":{"line":24,"column":0},"end":{"line":24,"column":41}},"16":{"start":{"line":26,"column":0},"end":{"line":26,"column":24}},"17":{"start":{"line":29,"column":0},"end":{"line":29,"column":56}},"18":{"start":{"line":30,"column":0},"end":{"line":30,"column":50}},"19":{"start":{"line":31,"column":0},"end":{"line":31,"column":54}},"20":{"start":{"line":33,"column":0},"end":{"line":33,"column":60}},"21":{"start":{"line":34,"column":0},"end":{"line":34,"column":77}},"22":{"start":{"line":36,"column":0},"end":{"line":36,"column":54}},"23":{"start":{"line":37,"column":0},"end":{"line":37,"column":58}},"24":{"start":{"line":39,"column":0},"end":{"line":39,"column":69}},"25":{"start":{"line":41,"column":0},"end":{"line":41,"column":50}},"26":{"start":{"line":42,"column":0},"end":{"line":42,"column":47}},"27":{"start":{"line":44,"column":0},"end":{"line":44,"column":65}},"28":{"start":{"line":46,"column":0},"end":{"line":50,"column":2}},"29":{"start":{"line":51,"column":0},"end":{"line":51,"column":69}},"30":{"start":{"line":53,"column":0},"end":{"line":53,"column":70}},"31":{"start":{"line":54,"column":0},"end":{"line":54,"column":71}},"32":{"start":{"line":60,"column":0},"end":{"line":60,"column":21}}},"fnMap":{"0":{"name":"(anonymous_0)","decl":{"start":{"line":15,"column":13},"end":{"line":15,"column":14}},"loc":{"start":{"line":15,"column":27},"end":{"line":17,"column":1}},"line":15}},"branchMap":{"0":{"loc":{"start":{"line":6,"column":13},"end":{"line":6,"column":37}},"type":"binary-expr","locations":[{"start":{"line":6,"column":13},"end":{"line":6,"column":29}},{"start":{"line":6,"column":33},"end":{"line":6,"column":37}}],"line":6}},"s":{"0":1,"1":1,"2":1,"3":1,"4":1,"5":1,"6":1,"7":1,"8":1,"9":1,"10":1,"11":1,"12":1,"13":1,"14":1,"15":1,"16":1,"17":1,"18":1,"19":1,"20":1,"21":1,"22":1,"23":1,"24":1,"25":1,"26":1,"27":1,"28":1,"29":1,"30":1,"31":1,"32":1},"f":{"0":1},"b":{"0":[1,1]},"_coverageSchema":"1a1c01bbd47fc00a2c39e90264f33305004495a9","hash":"aea6712a60d850a4abe4a9a397793990e473b9ae"}
,"C:\\Users\\emirh\\Hacktiv8\\Phase 2\\IP\\IP-HCK90\\Backend\\controllers\\mainController.js": {"path":"C:\\Users\\emirh\\Hacktiv8\\Phase 2\\IP\\IP-HCK90\\Backend\\controllers\\mainController.js","statementMap":{"0":{"start":{"line":1,"column":22},"end":{"line":1,"column":42}},"1":{"start":{"line":9,"column":4},"end":{"line":9,"column":24}},"2":{"start":{"line":11,"column":0},"end":{"line":325,"column":2}},"3":{"start":{"line":16,"column":4},"end":{"line":34,"column":5}},"4":{"start":{"line":17,"column":25},"end":{"line":17,"column":50}},"5":{"start":{"line":18,"column":25},"end":{"line":18,"column":34}},"6":{"start":{"line":20,"column":6},"end":{"line":29,"column":7}},"7":{"start":{"line":21,"column":34},"end":{"line":27,"column":10}},"8":{"start":{"line":28,"column":8},"end":{"line":28,"column":55}},"9":{"start":{"line":30,"column":6},"end":{"line":30,"column":39}},"10":{"start":{"line":32,"column":6},"end":{"line":32,"column":71}},"11":{"start":{"line":33,"column":6},"end":{"line":33,"column":65}},"12":{"start":{"line":39,"column":4},"end":{"line":56,"column":5}},"13":{"start":{"line":40,"column":22},"end":{"line":40,"column":44}},"14":{"start":{"line":41,"column":25},"end":{"line":41,"column":34}},"15":{"start":{"line":42,"column":6},"end":{"line":51,"column":7}},"16":{"start":{"line":43,"column":31},"end":{"line":49,"column":10}},"17":{"start":{"line":50,"column":8},"end":{"line":50,"column":52}},"18":{"start":{"line":52,"column":6},"end":{"line":52,"column":36}},"19":{"start":{"line":54,"column":6},"end":{"line":54,"column":71}},"20":{"start":{"line":55,"column":6},"end":{"line":55,"column":65}},"21":{"start":{"line":61,"column":4},"end":{"line":67,"column":5}},"22":{"start":{"line":62,"column":24},"end":{"line":62,"column":48}},"23":{"start":{"line":63,"column":6},"end":{"line":63,"column":38}},"24":{"start":{"line":65,"column":6},"end":{"line":65,"column":73}},"25":{"start":{"line":66,"column":6},"end":{"line":66,"column":65}},"26":{"start":{"line":74,"column":4},"end":{"line":97,"column":5}},"27":{"start":{"line":75,"column":26},"end":{"line":75,"column":39}},"28":{"start":{"line":76,"column":24},"end":{"line":76,"column":61}},"29":{"start":{"line":77,"column":25},"end":{"line":77,"column":34}},"30":{"start":{"line":79,"column":6},"end":{"line":88,"column":7}},"31":{"start":{"line":80,"column":34},"end":{"line":86,"column":10}},"32":{"start":{"line":87,"column":8},"end":{"line":87,"column":55}},"33":{"start":{"line":90,"column":6},"end":{"line":92,"column":7}},"34":{"start":{"line":91,"column":8},"end":{"line":91,"column":72}},"35":{"start":{"line":93,"column":6},"end":{"line":93,"column":38}},"36":{"start":{"line":95,"column":6},"end":{"line":95,"column":74}},"37":{"start":{"line":96,"column":6},"end":{"line":96,"column":65}},"38":{"start":{"line":102,"column":4},"end":{"line":113,"column":5}},"39":{"start":{"line":103,"column":23},"end":{"line":103,"column":36}},"40":{"start":{"line":104,"column":21},"end":{"line":104,"column":52}},"41":{"start":{"line":106,"column":6},"end":{"line":108,"column":7}},"42":{"start":{"line":107,"column":8},"end":{"line":107,"column":69}},"43":{"start":{"line":109,"column":6},"end":{"line":109,"column":35}},"44":{"start":{"line":111,"column":6},"end":{"line":111,"column":71}},"45":{"start":{"line":112,"column":6},"end":{"line":112,"column":65}},"46":{"start":{"line":118,"column":4},"end":{"line":128,"column":5}},"47":{"start":{"line":119,"column":25},"end":{"line":119,"column":38}},"48":{"start":{"line":120,"column":23},"end":{"line":120,"column":58}},"49":{"start":{"line":121,"column":6},"end":{"line":123,"column":7}},"50":{"start":{"line":122,"column":8},"end":{"line":122,"column":71}},"51":{"start":{"line":124,"column":6},"end":{"line":124,"column":37}},"52":{"start":{"line":126,"column":6},"end":{"line":126,"column":73}},"53":{"start":{"line":127,"column":6},"end":{"line":127,"column":65}},"54":{"start":{"line":133,"column":4},"end":{"line":149,"column":5}},"55":{"start":{"line":134,"column":19},"end":{"line":134,"column":27}},"56":{"start":{"line":135,"column":26},"end":{"line":135,"column":39}},"57":{"start":{"line":136,"column":24},"end":{"line":136,"column":61}},"58":{"start":{"line":138,"column":6},"end":{"line":140,"column":7}},"59":{"start":{"line":139,"column":8},"end":{"line":139,"column":72}},"60":{"start":{"line":141,"column":32},"end":{"line":144,"column":8}},"61":{"start":{"line":145,"column":6},"end":{"line":145,"column":46}},"62":{"start":{"line":147,"column":6},"end":{"line":147,"column":78}},"63":{"start":{"line":148,"column":6},"end":{"line":148,"column":65}},"64":{"start":{"line":154,"column":4},"end":{"line":161,"column":5}},"65":{"start":{"line":155,"column":19},"end":{"line":155,"column":27}},"66":{"start":{"line":156,"column":33},"end":{"line":156,"column":66}},"67":{"start":{"line":157,"column":6},"end":{"line":157,"column":47}},"68":{"start":{"line":159,"column":6},"end":{"line":159,"column":79}},"69":{"start":{"line":160,"column":6},"end":{"line":160,"column":65}},"70":{"start":{"line":166,"column":4},"end":{"line":176,"column":5}},"71":{"start":{"line":167,"column":19},"end":{"line":167,"column":27}},"72":{"start":{"line":168,"column":22},"end":{"line":171,"column":8}},"73":{"start":{"line":172,"column":6},"end":{"line":172,"column":36}},"74":{"start":{"line":174,"column":6},"end":{"line":174,"column":68}},"75":{"start":{"line":175,"column":6},"end":{"line":175,"column":65}},"76":{"start":{"line":181,"column":4},"end":{"line":193,"column":5}},"77":{"start":{"line":182,"column":19},"end":{"line":182,"column":27}},"78":{"start":{"line":183,"column":23},"end":{"line":183,"column":31}},"79":{"start":{"line":185,"column":21},"end":{"line":188,"column":8}},"80":{"start":{"line":189,"column":6},"end":{"line":189,"column":35}},"81":{"start":{"line":191,"column":6},"end":{"line":191,"column":70}},"82":{"start":{"line":192,"column":6},"end":{"line":192,"column":65}},"83":{"start":{"line":198,"column":4},"end":{"line":210,"column":5}},"84":{"start":{"line":199,"column":19},"end":{"line":199,"column":27}},"85":{"start":{"line":200,"column":40},"end":{"line":200,"column":48}},"86":{"start":{"line":202,"column":31},"end":{"line":205,"column":8}},"87":{"start":{"line":206,"column":6},"end":{"line":206,"column":45}},"88":{"start":{"line":208,"column":6},"end":{"line":208,"column":74}},"89":{"start":{"line":209,"column":6},"end":{"line":209,"column":65}},"90":{"start":{"line":215,"column":4},"end":{"line":239,"column":5}},"91":{"start":{"line":216,"column":19},"end":{"line":216,"column":27}},"92":{"start":{"line":217,"column":34},"end":{"line":217,"column":47}},"93":{"start":{"line":218,"column":32},"end":{"line":225,"column":8}},"94":{"start":{"line":226,"column":6},"end":{"line":230,"column":7}},"95":{"start":{"line":227,"column":8},"end":{"line":229,"column":61}},"96":{"start":{"line":231,"column":6},"end":{"line":231,"column":40}},"97":{"start":{"line":232,"column":6},"end":{"line":232,"column":42}},"98":{"start":{"line":234,"column":6},"end":{"line":237,"column":8}},"99":{"start":{"line":238,"column":6},"end":{"line":238,"column":65}},"100":{"start":{"line":244,"column":4},"end":{"line":263,"column":5}},"101":{"start":{"line":245,"column":19},"end":{"line":245,"column":27}},"102":{"start":{"line":246,"column":23},"end":{"line":246,"column":36}},"103":{"start":{"line":247,"column":21},"end":{"line":254,"column":8}},"104":{"start":{"line":255,"column":6},"end":{"line":257,"column":7}},"105":{"start":{"line":256,"column":8},"end":{"line":256,"column":70}},"106":{"start":{"line":258,"column":6},"end":{"line":258,"column":29}},"107":{"start":{"line":259,"column":6},"end":{"line":259,"column":31}},"108":{"start":{"line":261,"column":6},"end":{"line":261,"column":70}},"109":{"start":{"line":262,"column":6},"end":{"line":262,"column":65}},"110":{"start":{"line":268,"column":4},"end":{"line":290,"column":5}},"111":{"start":{"line":269,"column":19},"end":{"line":269,"column":27}},"112":{"start":{"line":270,"column":23},"end":{"line":270,"column":36}},"113":{"start":{"line":271,"column":23},"end":{"line":271,"column":31}},"114":{"start":{"line":272,"column":21},"end":{"line":280,"column":8}},"115":{"start":{"line":281,"column":6},"end":{"line":283,"column":7}},"116":{"start":{"line":282,"column":8},"end":{"line":282,"column":70}},"117":{"start":{"line":284,"column":6},"end":{"line":284,"column":40}},"118":{"start":{"line":285,"column":6},"end":{"line":285,"column":26}},"119":{"start":{"line":286,"column":6},"end":{"line":286,"column":31}},"120":{"start":{"line":288,"column":6},"end":{"line":288,"column":74}},"121":{"start":{"line":289,"column":6},"end":{"line":289,"column":65}},"122":{"start":{"line":295,"column":4},"end":{"line":323,"column":5}},"123":{"start":{"line":296,"column":19},"end":{"line":296,"column":27}},"124":{"start":{"line":297,"column":30},"end":{"line":297,"column":43}},"125":{"start":{"line":298,"column":40},"end":{"line":298,"column":48}},"126":{"start":{"line":299,"column":28},"end":{"line":309,"column":8}},"127":{"start":{"line":310,"column":6},"end":{"line":312,"column":7}},"128":{"start":{"line":311,"column":8},"end":{"line":311,"column":77}},"129":{"start":{"line":313,"column":6},"end":{"line":313,"column":75}},"130":{"start":{"line":314,"column":6},"end":{"line":314,"column":66}},"131":{"start":{"line":315,"column":6},"end":{"line":315,"column":33}},"132":{"start":{"line":316,"column":6},"end":{"line":316,"column":31}},"133":{"start":{"line":318,"column":6},"end":{"line":321,"column":8}},"134":{"start":{"line":322,"column":6},"end":{"line":322,"column":65}}},"fnMap":{"0":{"name":"(anonymous_0)","decl":{"start":{"line":15,"column":2},"end":{"line":15,"column":3}},"loc":{"start":{"line":15,"column":42},"end":{"line":35,"column":3}},"line":15},"1":{"name":"(anonymous_1)","decl":{"start":{"line":38,"column":2},"end":{"line":38,"column":3}},"loc":{"start":{"line":38,"column":39},"end":{"line":57,"column":3}},"line":38},"2":{"name":"(anonymous_2)","decl":{"start":{"line":60,"column":2},"end":{"line":60,"column":3}},"loc":{"start":{"line":60,"column":41},"end":{"line":68,"column":3}},"line":60},"3":{"name":"(anonymous_3)","decl":{"start":{"line":73,"column":2},"end":{"line":73,"column":3}},"loc":{"start":{"line":73,"column":42},"end":{"line":98,"column":3}},"line":73},"4":{"name":"(anonymous_4)","decl":{"start":{"line":101,"column":2},"end":{"line":101,"column":3}},"loc":{"start":{"line":101,"column":39},"end":{"line":114,"column":3}},"line":101},"5":{"name":"(anonymous_5)","decl":{"start":{"line":117,"column":2},"end":{"line":117,"column":3}},"loc":{"start":{"line":117,"column":41},"end":{"line":129,"column":3}},"line":117},"6":{"name":"(anonymous_6)","decl":{"start":{"line":132,"column":2},"end":{"line":132,"column":3}},"loc":{"start":{"line":132,"column":46},"end":{"line":150,"column":3}},"line":132},"7":{"name":"(anonymous_7)","decl":{"start":{"line":153,"column":2},"end":{"line":153,"column":3}},"loc":{"start":{"line":153,"column":47},"end":{"line":162,"column":3}},"line":153},"8":{"name":"(anonymous_8)","decl":{"start":{"line":165,"column":2},"end":{"line":165,"column":3}},"loc":{"start":{"line":165,"column":36},"end":{"line":177,"column":3}},"line":165},"9":{"name":"(anonymous_9)","decl":{"start":{"line":180,"column":2},"end":{"line":180,"column":3}},"loc":{"start":{"line":180,"column":38},"end":{"line":194,"column":3}},"line":180},"10":{"name":"(anonymous_10)","decl":{"start":{"line":197,"column":2},"end":{"line":197,"column":3}},"loc":{"start":{"line":197,"column":42},"end":{"line":211,"column":3}},"line":197},"11":{"name":"(anonymous_11)","decl":{"start":{"line":214,"column":2},"end":{"line":214,"column":3}},"loc":{"start":{"line":214,"column":49},"end":{"line":240,"column":3}},"line":214},"12":{"name":"(anonymous_12)","decl":{"start":{"line":243,"column":2},"end":{"line":243,"column":3}},"loc":{"start":{"line":243,"column":38},"end":{"line":264,"column":3}},"line":243},"13":{"name":"(anonymous_13)","decl":{"start":{"line":267,"column":2},"end":{"line":267,"column":3}},"loc":{"start":{"line":267,"column":42},"end":{"line":291,"column":3}},"line":267},"14":{"name":"(anonymous_14)","decl":{"start":{"line":294,"column":2},"end":{"line":294,"column":3}},"loc":{"start":{"line":294,"column":49},"end":{"line":324,"column":3}},"line":294}},"branchMap":{"0":{"loc":{"start":{"line":20,"column":6},"end":{"line":29,"column":7}},"type":"if","locations":[{"start":{"line":20,"column":6},"end":{"line":29,"column":7}},{"start":{},"end":{}}],"line":20},"1":{"loc":{"start":{"line":42,"column":6},"end":{"line":51,"column":7}},"type":"if","locations":[{"start":{"line":42,"column":6},"end":{"line":51,"column":7}},{"start":{},"end":{}}],"line":42},"2":{"loc":{"start":{"line":79,"column":6},"end":{"line":88,"column":7}},"type":"if","locations":[{"start":{"line":79,"column":6},"end":{"line":88,"column":7}},{"start":{},"end":{}}],"line":79},"3":{"loc":{"start":{"line":90,"column":6},"end":{"line":92,"column":7}},"type":"if","locations":[{"start":{"line":90,"column":6},"end":{"line":92,"column":7}},{"start":{},"end":{}}],"line":90},"4":{"loc":{"start":{"line":106,"column":6},"end":{"line":108,"column":7}},"type":"if","locations":[{"start":{"line":106,"column":6},"end":{"line":108,"column":7}},{"start":{},"end":{}}],"line":106},"5":{"loc":{"start":{"line":121,"column":6},"end":{"line":123,"column":7}},"type":"if","locations":[{"start":{"line":121,"column":6},"end":{"line":123,"column":7}},{"start":{},"end":{}}],"line":121},"6":{"loc":{"start":{"line":138,"column":6},"end":{"line":140,"column":7}},"type":"if","locations":[{"start":{"line":138,"column":6},"end":{"line":140,"column":7}},{"start":{},"end":{}}],"line":138},"7":{"loc":{"start":{"line":169,"column":15},"end":{"line":169,"column":46}},"type":"cond-expr","locations":[{"start":{"line":169,"column":22},"end":{"line":169,"column":41}},{"start":{"line":169,"column":44},"end":{"line":169,"column":46}}],"line":169},"8":{"loc":{"start":{"line":219,"column":15},"end":{"line":224,"column":39}},"type":"cond-expr","locations":[{"start":{"line":220,"column":12},"end":{"line":223,"column":13}},{"start":{"line":224,"column":12},"end":{"line":224,"column":39}}],"line":219},"9":{"loc":{"start":{"line":226,"column":6},"end":{"line":230,"column":7}},"type":"if","locations":[{"start":{"line":226,"column":6},"end":{"line":230,"column":7}},{"start":{},"end":{}}],"line":226},"10":{"loc":{"start":{"line":248,"column":15},"end":{"line":253,"column":28}},"type":"cond-expr","locations":[{"start":{"line":249,"column":12},"end":{"line":252,"column":13}},{"start":{"line":253,"column":12},"end":{"line":253,"column":28}}],"line":248},"11":{"loc":{"start":{"line":255,"column":6},"end":{"line":257,"column":7}},"type":"if","locations":[{"start":{"line":255,"column":6},"end":{"line":257,"column":7}},{"start":{},"end":{}}],"line":255},"12":{"loc":{"start":{"line":273,"column":15},"end":{"line":278,"column":28}},"type":"cond-expr","locations":[{"start":{"line":274,"column":12},"end":{"line":277,"column":13}},{"start":{"line":278,"column":12},"end":{"line":278,"column":28}}],"line":273},"13":{"loc":{"start":{"line":281,"column":6},"end":{"line":283,"column":7}},"type":"if","locations":[{"start":{"line":281,"column":6},"end":{"line":283,"column":7}},{"start":{},"end":{}}],"line":281},"14":{"loc":{"start":{"line":284,"column":20},"end":{"line":284,"column":39}},"type":"binary-expr","locations":[{"start":{"line":284,"column":20},"end":{"line":284,"column":24}},{"start":{"line":284,"column":28},"end":{"line":284,"column":39}}],"line":284},"15":{"loc":{"start":{"line":303,"column":17},"end":{"line":308,"column":21}},"type":"cond-expr","locations":[{"start":{"line":304,"column":12},"end":{"line":307,"column":13}},{"start":{"line":308,"column":12},"end":{"line":308,"column":21}}],"line":303},"16":{"loc":{"start":{"line":310,"column":6},"end":{"line":312,"column":7}},"type":"if","locations":[{"start":{"line":310,"column":6},"end":{"line":312,"column":7}},{"start":{},"end":{}}],"line":310},"17":{"loc":{"start":{"line":313,"column":34},"end":{"line":313,"column":74}},"type":"binary-expr","locations":[{"start":{"line":313,"column":34},"end":{"line":313,"column":45}},{"start":{"line":313,"column":49},"end":{"line":313,"column":74}}],"line":313},"18":{"loc":{"start":{"line":314,"column":31},"end":{"line":314,"column":65}},"type":"binary-expr","locations":[{"start":{"line":314,"column":31},"end":{"line":314,"column":39}},{"start":{"line":314,"column":43},"end":{"line":314,"column":65}}],"line":314}},"s":{"0":1,"1":1,"2":1,"3":3,"4":3,"5":3,"6":3,"7":1,"8":1,"9":2,"10":0,"11":0,"12":3,"13":3,"14":3,"15":3,"16":1,"17":1,"18":2,"19":0,"20":0,"21":2,"22":2,"23":2,"24":0,"25":0,"26":3,"27":3,"28":3,"29":3,"30":3,"31":0,"32":0,"33":3,"34":2,"35":1,"36":0,"37":0,"38":3,"39":3,"40":3,"41":3,"42":2,"43":1,"44":0,"45":0,"46":3,"47":3,"48":3,"49":3,"50":2,"51":1,"52":0,"53":0,"54":2,"55":2,"56":2,"57":2,"58":2,"59":1,"60":1,"61":1,"62":0,"63":0,"64":1,"65":1,"66":1,"67":1,"68":0,"69":0,"70":1,"71":1,"72":1,"73":1,"74":0,"75":0,"76":1,"77":1,"78":1,"79":1,"80":1,"81":0,"82":0,"83":1,"84":1,"85":1,"86":1,"87":1,"88":0,"89":0,"90":1,"91":1,"92":1,"93":1,"94":1,"95":0,"96":1,"97":1,"98":0,"99":0,"100":1,"101":1,"102":1,"103":1,"104":1,"105":0,"106":1,"107":1,"108":0,"109":0,"110":1,"111":1,"112":1,"113":1,"114":1,"115":1,"116":0,"117":1,"118":1,"119":1,"120":0,"121":0,"122":1,"123":1,"124":1,"125":1,"126":1,"127":1,"128":1,"129":0,"130":0,"131":0,"132":0,"133":0,"134":0},"f":{"0":3,"1":3,"2":2,"3":3,"4":3,"5":3,"6":2,"7":1,"8":1,"9":1,"10":1,"11":1,"12":1,"13":1,"14":1},"b":{"0":[1,2],"1":[1,2],"2":[0,3],"3":[2,1],"4":[2,1],"5":[2,1],"6":[1,1],"7":[1,0],"8":[1,0],"9":[0,1],"10":[1,0],"11":[0,1],"12":[1,0],"13":[0,1],"14":[1,0],"15":[1,0],"16":[1,0],"17":[0,0],"18":[0,0]},"_coverageSchema":"1a1c01bbd47fc00a2c39e90264f33305004495a9","hash":"f81aa61b3c7b224119bf708eddc868e970c4547a"}
,"C:\\Users\\emirh\\Hacktiv8\\Phase 2\\IP\\IP-HCK90\\Backend\\controllers\\userController.js": {"path":"C:\\Users\\emirh\\Hacktiv8\\Phase 2\\IP\\IP-HCK90\\Backend\\controllers\\userController.js","statementMap":{"0":{"start":{"line":1,"column":28},"end":{"line":1,"column":56}},"1":{"start":{"line":2,"column":22},"end":{"line":2,"column":47}},"2":{"start":{"line":3,"column":17},"end":{"line":3,"column":37}},"3":{"start":{"line":5,"column":0},"end":{"line":75,"column":2}},"4":{"start":{"line":8,"column":4},"end":{"line":32,"column":5}},"5":{"start":{"line":9,"column":19},"end":{"line":9,"column":46}},"6":{"start":{"line":10,"column":6},"end":{"line":15,"column":9}},"7":{"start":{"line":17,"column":6},"end":{"line":17,"column":62}},"8":{"start":{"line":20,"column":6},"end":{"line":31,"column":7}},"9":{"start":{"line":24,"column":8},"end":{"line":26,"column":11}},"10":{"start":{"line":28,"column":8},"end":{"line":30,"column":11}},"11":{"start":{"line":37,"column":4},"end":{"line":73,"column":5}},"12":{"start":{"line":39,"column":34},"end":{"line":39,"column":42}},"13":{"start":{"line":40,"column":6},"end":{"line":43,"column":7}},"14":{"start":{"line":41,"column":8},"end":{"line":41,"column":63}},"15":{"start":{"line":42,"column":8},"end":{"line":42,"column":15}},"16":{"start":{"line":44,"column":6},"end":{"line":47,"column":7}},"17":{"start":{"line":45,"column":8},"end":{"line":45,"column":66}},"18":{"start":{"line":46,"column":8},"end":{"line":46,"column":15}},"19":{"start":{"line":50,"column":19},"end":{"line":50,"column":59}},"20":{"start":{"line":51,"column":6},"end":{"line":56,"column":7}},"21":{"start":{"line":52,"column":8},"end":{"line":54,"column":11}},"22":{"start":{"line":55,"column":8},"end":{"line":55,"column":15}},"23":{"start":{"line":58,"column":30},"end":{"line":58,"column":70}},"24":{"start":{"line":60,"column":6},"end":{"line":65,"column":7}},"25":{"start":{"line":61,"column":8},"end":{"line":63,"column":11}},"26":{"start":{"line":64,"column":8},"end":{"line":64,"column":15}},"27":{"start":{"line":68,"column":6},"end":{"line":68,"column":67}},"28":{"start":{"line":70,"column":6},"end":{"line":72,"column":9}}},"fnMap":{"0":{"name":"(anonymous_0)","decl":{"start":{"line":7,"column":2},"end":{"line":7,"column":3}},"loc":{"start":{"line":7,"column":34},"end":{"line":33,"column":3}},"line":7},"1":{"name":"(anonymous_1)","decl":{"start":{"line":36,"column":2},"end":{"line":36,"column":3}},"loc":{"start":{"line":36,"column":37},"end":{"line":74,"column":3}},"line":36}},"branchMap":{"0":{"loc":{"start":{"line":20,"column":6},"end":{"line":31,"column":7}},"type":"if","locations":[{"start":{"line":20,"column":6},"end":{"line":31,"column":7}},{"start":{"line":27,"column":13},"end":{"line":31,"column":7}}],"line":20},"1":{"loc":{"start":{"line":21,"column":8},"end":{"line":22,"column":53}},"type":"binary-expr","locations":[{"start":{"line":21,"column":8},"end":{"line":21,"column":47}},{"start":{"line":22,"column":8},"end":{"line":22,"column":53}}],"line":21},"2":{"loc":{"start":{"line":40,"column":6},"end":{"line":43,"column":7}},"type":"if","locations":[{"start":{"line":40,"column":6},"end":{"line":43,"column":7}},{"start":{},"end":{}}],"line":40},"3":{"loc":{"start":{"line":44,"column":6},"end":{"line":47,"column":7}},"type":"if","locations":[{"start":{"line":44,"column":6},"end":{"line":47,"column":7}},{"start":{},"end":{}}],"line":44},"4":{"loc":{"start":{"line":51,"column":6},"end":{"line":56,"column":7}},"type":"if","locations":[{"start":{"line":51,"column":6},"end":{"line":56,"column":7}},{"start":{},"end":{}}],"line":51},"5":{"loc":{"start":{"line":60,"column":6},"end":{"line":65,"column":7}},"type":"if","locations":[{"start":{"line":60,"column":6},"end":{"line":65,"column":7}},{"start":{},"end":{}}],"line":60}},"s":{"0":1,"1":1,"2":1,"3":1,"4":2,"5":2,"6":1,"7":1,"8":1,"9":1,"10":0,"11":2,"12":2,"13":2,"14":0,"15":0,"16":2,"17":0,"18":0,"19":2,"20":2,"21":0,"22":0,"23":2,"24":2,"25":1,"26":1,"27":1,"28":0},"f":{"0":2,"1":2},"b":{"0":[1,0],"1":[1,1],"2":[0,2],"3":[0,2],"4":[0,2],"5":[1,1]},"_coverageSchema":"1a1c01bbd47fc00a2c39e90264f33305004495a9","hash":"f9a7b75d6b61d1dd45f7de32672a9423a98f927f"}
,"C:\\Users\\emirh\\Hacktiv8\\Phase 2\\IP\\IP-HCK90\\Backend\\helpers\\bcrypt.js": {"path":"C:\\Users\\emirh\\Hacktiv8\\Phase 2\\IP\\IP-HCK90\\Backend\\helpers\\bcrypt.js","statementMap":{"0":{"start":{"line":1,"column":15},"end":{"line":1,"column":34}},"1":{"start":{"line":4,"column":15},"end":{"line":4,"column":37}},"2":{"start":{"line":5,"column":2},"end":{"line":5,"column":41}},"3":{"start":{"line":9,"column":2},"end":{"line":9,"column":54}},"4":{"start":{"line":12,"column":0},"end":{"line":15,"column":2}}},"fnMap":{"0":{"name":"hashPassword","decl":{"start":{"line":3,"column":9},"end":{"line":3,"column":21}},"loc":{"start":{"line":3,"column":32},"end":{"line":6,"column":1}},"line":3},"1":{"name":"comparePassword","decl":{"start":{"line":8,"column":9},"end":{"line":8,"column":24}},"loc":{"start":{"line":8,"column":51},"end":{"line":10,"column":1}},"line":8}},"branchMap":{},"s":{"0":1,"1":1,"2":1,"3":2,"4":1},"f":{"0":1,"1":2},"b":{},"_coverageSchema":"1a1c01bbd47fc00a2c39e90264f33305004495a9","hash":"8efb8740efae677f455874e108602a3bb88c3996"}
,"C:\\Users\\emirh\\Hacktiv8\\Phase 2\\IP\\IP-HCK90\\Backend\\helpers\\jwt.js": {"path":"C:\\Users\\emirh\\Hacktiv8\\Phase 2\\IP\\IP-HCK90\\Backend\\helpers\\jwt.js","statementMap":{"0":{"start":{"line":1,"column":10},"end":{"line":1,"column":33}},"1":{"start":{"line":4,"column":2},"end":{"line":4,"column":32}},"2":{"start":{"line":8,"column":2},"end":{"line":8,"column":32}},"3":{"start":{"line":11,"column":0},"end":{"line":14,"column":2}}},"fnMap":{"0":{"name":"signToken","decl":{"start":{"line":3,"column":9},"end":{"line":3,"column":18}},"loc":{"start":{"line":3,"column":28},"end":{"line":5,"column":1}},"line":3},"1":{"name":"verifyToken","decl":{"start":{"line":7,"column":9},"end":{"line":7,"column":20}},"loc":{"start":{"line":7,"column":28},"end":{"line":9,"column":1}},"line":7}},"branchMap":{},"s":{"0":1,"1":2,"2":27,"3":1},"f":{"0":2,"1":27},"b":{},"_coverageSchema":"1a1c01bbd47fc00a2c39e90264f33305004495a9","hash":"50ea4add895a15605aa9db85f7b95f83f6808b15"}
,"C:\\Users\\emirh\\Hacktiv8\\Phase 2\\IP\\IP-HCK90\\Backend\\middlewares\\authentication.js": {"path":"C:\\Users\\emirh\\Hacktiv8\\Phase 2\\IP\\IP-HCK90\\Backend\\middlewares\\authentication.js","statementMap":{"0":{"start":{"line":1,"column":17},"end":{"line":1,"column":37}},"1":{"start":{"line":2,"column":24},"end":{"line":2,"column":49}},"2":{"start":{"line":4,"column":0},"end":{"line":28,"column":2}},"3":{"start":{"line":5,"column":2},"end":{"line":27,"column":3}},"4":{"start":{"line":7,"column":4},"end":{"line":10,"column":5}},"5":{"start":{"line":8,"column":6},"end":{"line":8,"column":57}},"6":{"start":{"line":9,"column":6},"end":{"line":9,"column":13}},"7":{"start":{"line":13,"column":17},"end":{"line":13,"column":79}},"8":{"start":{"line":15,"column":17},"end":{"line":15,"column":69}},"9":{"start":{"line":16,"column":4},"end":{"line":19,"column":5}},"10":{"start":{"line":17,"column":6},"end":{"line":17,"column":57}},"11":{"start":{"line":18,"column":6},"end":{"line":18,"column":13}},"12":{"start":{"line":21,"column":4},"end":{"line":21,"column":20}},"13":{"start":{"line":23,"column":4},"end":{"line":23,"column":11}},"14":{"start":{"line":25,"column":4},"end":{"line":25,"column":62}},"15":{"start":{"line":26,"column":4},"end":{"line":26,"column":55}}},"fnMap":{"0":{"name":"authentication","decl":{"start":{"line":4,"column":32},"end":{"line":4,"column":46}},"loc":{"start":{"line":4,"column":63},"end":{"line":28,"column":1}},"line":4}},"branchMap":{"0":{"loc":{"start":{"line":7,"column":4},"end":{"line":10,"column":5}},"type":"if","locations":[{"start":{"line":7,"column":4},"end":{"line":10,"column":5}},{"start":{},"end":{}}],"line":7},"1":{"loc":{"start":{"line":16,"column":4},"end":{"line":19,"column":5}},"type":"if","locations":[{"start":{"line":16,"column":4},"end":{"line":19,"column":5}},{"start":{},"end":{}}],"line":16}},"s":{"0":1,"1":1,"2":1,"3":41,"4":41,"5":14,"6":14,"7":27,"8":27,"9":27,"10":0,"11":0,"12":27,"13":27,"14":0,"15":0},"f":{"0":41},"b":{"0":[14,27],"1":[0,27]},"_coverageSchema":"1a1c01bbd47fc00a2c39e90264f33305004495a9","hash":"686de922f3319eef331fad096831f447e86449f6"}
,"C:\\Users\\emirh\\Hacktiv8\\Phase 2\\IP\\IP-HCK90\\Backend\\middlewares\\guardOwner.js": {"path":"C:\\Users\\emirh\\Hacktiv8\\Phase 2\\IP\\IP-HCK90\\Backend\\middlewares\\guardOwner.js","statementMap":{"0":{"start":{"line":1,"column":38},"end":{"line":1,"column":58}},"1":{"start":{"line":4,"column":30},"end":{"line":4,"column":43}},"2":{"start":{"line":5,"column":28},"end":{"line":7,"column":3}},"3":{"start":{"line":8,"column":2},"end":{"line":13,"column":3}},"4":{"start":{"line":9,"column":4},"end":{"line":11,"column":7}},"5":{"start":{"line":12,"column":4},"end":{"line":12,"column":11}},"6":{"start":{"line":15,"column":2},"end":{"line":20,"column":3}},"7":{"start":{"line":16,"column":4},"end":{"line":18,"column":7}},"8":{"start":{"line":19,"column":4},"end":{"line":19,"column":11}},"9":{"start":{"line":22,"column":2},"end":{"line":22,"column":9}},"10":{"start":{"line":27,"column":19},"end":{"line":27,"column":32}},"11":{"start":{"line":28,"column":17},"end":{"line":28,"column":48}},"12":{"start":{"line":29,"column":2},"end":{"line":34,"column":3}},"13":{"start":{"line":30,"column":4},"end":{"line":32,"column":7}},"14":{"start":{"line":33,"column":4},"end":{"line":33,"column":11}},"15":{"start":{"line":35,"column":2},"end":{"line":40,"column":3}},"16":{"start":{"line":36,"column":4},"end":{"line":38,"column":7}},"17":{"start":{"line":39,"column":4},"end":{"line":39,"column":11}},"18":{"start":{"line":41,"column":2},"end":{"line":41,"column":9}},"19":{"start":{"line":44,"column":0},"end":{"line":44,"column":49}}},"fnMap":{"0":{"name":"guardCharacter","decl":{"start":{"line":3,"column":15},"end":{"line":3,"column":29}},"loc":{"start":{"line":3,"column":46},"end":{"line":23,"column":1}},"line":3},"1":{"name":"guardMyTeam","decl":{"start":{"line":25,"column":15},"end":{"line":25,"column":26}},"loc":{"start":{"line":25,"column":43},"end":{"line":42,"column":1}},"line":25}},"branchMap":{"0":{"loc":{"start":{"line":8,"column":2},"end":{"line":13,"column":3}},"type":"if","locations":[{"start":{"line":8,"column":2},"end":{"line":13,"column":3}},{"start":{},"end":{}}],"line":8},"1":{"loc":{"start":{"line":15,"column":2},"end":{"line":20,"column":3}},"type":"if","locations":[{"start":{"line":15,"column":2},"end":{"line":20,"column":3}},{"start":{},"end":{}}],"line":15},"2":{"loc":{"start":{"line":29,"column":2},"end":{"line":34,"column":3}},"type":"if","locations":[{"start":{"line":29,"column":2},"end":{"line":34,"column":3}},{"start":{},"end":{}}],"line":29},"3":{"loc":{"start":{"line":35,"column":2},"end":{"line":40,"column":3}},"type":"if","locations":[{"start":{"line":35,"column":2},"end":{"line":40,"column":3}},{"start":{},"end":{}}],"line":35}},"s":{"0":1,"1":2,"2":2,"3":2,"4":1,"5":1,"6":1,"7":0,"8":0,"9":1,"10":4,"11":4,"12":4,"13":2,"14":2,"15":2,"16":0,"17":0,"18":2,"19":1},"f":{"0":2,"1":4},"b":{"0":[1,1],"1":[0,1],"2":[2,2],"3":[0,2]},"_coverageSchema":"1a1c01bbd47fc00a2c39e90264f33305004495a9","hash":"8829329d8989aaea8a80040330ec9a6145cb81a2"}
,"C:\\Users\\emirh\\Hacktiv8\\Phase 2\\IP\\IP-HCK90\\Backend\\models\\artifact.js": {"path":"C:\\Users\\emirh\\Hacktiv8\\Phase 2\\IP\\IP-HCK90\\Backend\\models\\artifact.js","statementMap":{"0":{"start":{"line":2,"column":18},"end":{"line":2,"column":38}},"1":{"start":{"line":3,"column":0},"end":{"line":27,"column":2}},"2":{"start":{"line":12,"column":6},"end":{"line":12,"column":79}},"3":{"start":{"line":15,"column":2},"end":{"line":25,"column":4}},"4":{"start":{"line":26,"column":2},"end":{"line":26,"column":18}}},"fnMap":{"0":{"name":"(anonymous_0)","decl":{"start":{"line":3,"column":17},"end":{"line":3,"column":18}},"loc":{"start":{"line":3,"column":43},"end":{"line":27,"column":1}},"line":3},"1":{"name":"(anonymous_1)","decl":{"start":{"line":10,"column":4},"end":{"line":10,"column":5}},"loc":{"start":{"line":10,"column":29},"end":{"line":13,"column":5}},"line":10}},"branchMap":{},"s":{"0":1,"1":1,"2":1,"3":1,"4":1},"f":{"0":1,"1":1},"b":{},"_coverageSchema":"1a1c01bbd47fc00a2c39e90264f33305004495a9","hash":"dc85a8b1d9b992bcc574f68ae953f25543cb7b63"}
,"C:\\Users\\emirh\\Hacktiv8\\Phase 2\\IP\\IP-HCK90\\Backend\\models\\character.js": {"path":"C:\\Users\\emirh\\Hacktiv8\\Phase 2\\IP\\IP-HCK90\\Backend\\models\\character.js","statementMap":{"0":{"start":{"line":2,"column":18},"end":{"line":2,"column":38}},"1":{"start":{"line":3,"column":0},"end":{"line":49,"column":2}},"2":{"start":{"line":12,"column":6},"end":{"line":14,"column":9}},"3":{"start":{"line":15,"column":6},"end":{"line":18,"column":9}},"4":{"start":{"line":21,"column":2},"end":{"line":47,"column":4}},"5":{"start":{"line":48,"column":2},"end":{"line":48,"column":19}}},"fnMap":{"0":{"name":"(anonymous_0)","decl":{"start":{"line":3,"column":17},"end":{"line":3,"column":18}},"loc":{"start":{"line":3,"column":43},"end":{"line":49,"column":1}},"line":3},"1":{"name":"(anonymous_1)","decl":{"start":{"line":10,"column":4},"end":{"line":10,"column":5}},"loc":{"start":{"line":10,"column":29},"end":{"line":19,"column":5}},"line":10}},"branchMap":{},"s":{"0":1,"1":1,"2":1,"3":1,"4":1,"5":1},"f":{"0":1,"1":1},"b":{},"_coverageSchema":"1a1c01bbd47fc00a2c39e90264f33305004495a9","hash":"456e5b411f407736c0f325964cc38f2f923a64c8"}
,"C:\\Users\\emirh\\Hacktiv8\\Phase 2\\IP\\IP-HCK90\\Backend\\models\\characterlist.js": {"path":"C:\\Users\\emirh\\Hacktiv8\\Phase 2\\IP\\IP-HCK90\\Backend\\models\\characterlist.js","statementMap":{"0":{"start":{"line":2,"column":18},"end":{"line":2,"column":38}},"1":{"start":{"line":3,"column":0},"end":{"line":30,"column":2}},"2":{"start":{"line":12,"column":6},"end":{"line":12,"column":73}},"3":{"start":{"line":13,"column":6},"end":{"line":15,"column":9}},"4":{"start":{"line":18,"column":2},"end":{"line":28,"column":4}},"5":{"start":{"line":29,"column":2},"end":{"line":29,"column":23}}},"fnMap":{"0":{"name":"(anonymous_0)","decl":{"start":{"line":3,"column":17},"end":{"line":3,"column":18}},"loc":{"start":{"line":3,"column":43},"end":{"line":30,"column":1}},"line":3},"1":{"name":"(anonymous_1)","decl":{"start":{"line":10,"column":4},"end":{"line":10,"column":5}},"loc":{"start":{"line":10,"column":29},"end":{"line":16,"column":5}},"line":10}},"branchMap":{},"s":{"0":1,"1":1,"2":1,"3":1,"4":1,"5":1},"f":{"0":1,"1":1},"b":{},"_coverageSchema":"1a1c01bbd47fc00a2c39e90264f33305004495a9","hash":"3a9e766e05fd5b9776bdf7b17373fedc10882364"}
,"C:\\Users\\emirh\\Hacktiv8\\Phase 2\\IP\\IP-HCK90\\Backend\\models\\favoritecharacter.js": {"path":"C:\\Users\\emirh\\Hacktiv8\\Phase 2\\IP\\IP-HCK90\\Backend\\models\\favoritecharacter.js","statementMap":{"0":{"start":{"line":2,"column":18},"end":{"line":2,"column":38}},"1":{"start":{"line":3,"column":0},"end":{"line":53,"column":2}},"2":{"start":{"line":12,"column":6},"end":{"line":12,"column":73}},"3":{"start":{"line":13,"column":6},"end":{"line":15,"column":9}},"4":{"start":{"line":16,"column":6},"end":{"line":18,"column":9}},"5":{"start":{"line":19,"column":6},"end":{"line":19,"column":77}},"6":{"start":{"line":22,"column":2},"end":{"line":51,"column":4}},"7":{"start":{"line":52,"column":2},"end":{"line":52,"column":27}}},"fnMap":{"0":{"name":"(anonymous_0)","decl":{"start":{"line":3,"column":17},"end":{"line":3,"column":18}},"loc":{"start":{"line":3,"column":43},"end":{"line":53,"column":1}},"line":3},"1":{"name":"(anonymous_1)","decl":{"start":{"line":10,"column":4},"end":{"line":10,"column":5}},"loc":{"start":{"line":10,"column":29},"end":{"line":20,"column":5}},"line":10}},"branchMap":{},"s":{"0":1,"1":1,"2":1,"3":1,"4":1,"5":1,"6":1,"7":1},"f":{"0":1,"1":1},"b":{},"_coverageSchema":"1a1c01bbd47fc00a2c39e90264f33305004495a9","hash":"9c1ab127d14f00e2489b66933f74873bcd29b626"}
,"C:\\Users\\emirh\\Hacktiv8\\Phase 2\\IP\\IP-HCK90\\Backend\\models\\myteam.js": {"path":"C:\\Users\\emirh\\Hacktiv8\\Phase 2\\IP\\IP-HCK90\\Backend\\models\\myteam.js","statementMap":{"0":{"start":{"line":2,"column":18},"end":{"line":2,"column":38}},"1":{"start":{"line":3,"column":0},"end":{"line":31,"column":2}},"2":{"start":{"line":12,"column":6},"end":{"line":12,"column":62}},"3":{"start":{"line":13,"column":6},"end":{"line":13,"column":71}},"4":{"start":{"line":14,"column":6},"end":{"line":17,"column":9}},"5":{"start":{"line":20,"column":2},"end":{"line":29,"column":4}},"6":{"start":{"line":30,"column":2},"end":{"line":30,"column":16}}},"fnMap":{"0":{"name":"(anonymous_0)","decl":{"start":{"line":3,"column":17},"end":{"line":3,"column":18}},"loc":{"start":{"line":3,"column":43},"end":{"line":31,"column":1}},"line":3},"1":{"name":"(anonymous_1)","decl":{"start":{"line":10,"column":4},"end":{"line":10,"column":5}},"loc":{"start":{"line":10,"column":29},"end":{"line":18,"column":5}},"line":10}},"branchMap":{},"s":{"0":1,"1":1,"2":1,"3":1,"4":1,"5":1,"6":1},"f":{"0":1,"1":1},"b":{},"_coverageSchema":"1a1c01bbd47fc00a2c39e90264f33305004495a9","hash":"0eb8e1d73e6e89511acf346b32b5009b3814cad6"}
,"C:\\Users\\emirh\\Hacktiv8\\Phase 2\\IP\\IP-HCK90\\Backend\\models\\user.js": {"path":"C:\\Users\\emirh\\Hacktiv8\\Phase 2\\IP\\IP-HCK90\\Backend\\models\\user.js","statementMap":{"0":{"start":{"line":2,"column":16},"end":{"line":2,"column":32}},"1":{"start":{"line":3,"column":18},"end":{"line":3,"column":38}},"2":{"start":{"line":4,"column":0},"end":{"line":54,"column":2}},"3":{"start":{"line":13,"column":6},"end":{"line":13,"column":60}},"4":{"start":{"line":14,"column":6},"end":{"line":14,"column":71}},"5":{"start":{"line":17,"column":2},"end":{"line":52,"column":4}},"6":{"start":{"line":53,"column":2},"end":{"line":53,"column":14}}},"fnMap":{"0":{"name":"(anonymous_0)","decl":{"start":{"line":4,"column":17},"end":{"line":4,"column":18}},"loc":{"start":{"line":4,"column":43},"end":{"line":54,"column":1}},"line":4},"1":{"name":"(anonymous_1)","decl":{"start":{"line":11,"column":4},"end":{"line":11,"column":5}},"loc":{"start":{"line":11,"column":29},"end":{"line":15,"column":5}},"line":11}},"branchMap":{},"s":{"0":1,"1":1,"2":1,"3":1,"4":1,"5":1,"6":1},"f":{"0":1,"1":1},"b":{},"_coverageSchema":"1a1c01bbd47fc00a2c39e90264f33305004495a9","hash":"9b87e9d35d91ee3f13020aac9ea862d51b4c789e"}
,"C:\\Users\\emirh\\Hacktiv8\\Phase 2\\IP\\IP-HCK90\\Backend\\models\\weapon.js": {"path":"C:\\Users\\emirh\\Hacktiv8\\Phase 2\\IP\\IP-HCK90\\Backend\\models\\weapon.js","statementMap":{"0":{"start":{"line":2,"column":18},"end":{"line":2,"column":38}},"1":{"start":{"line":3,"column":0},"end":{"line":28,"column":2}},"2":{"start":{"line":12,"column":6},"end":{"line":12,"column":75}},"3":{"start":{"line":15,"column":2},"end":{"line":26,"column":4}},"4":{"start":{"line":27,"column":2},"end":{"line":27,"column":16}}},"fnMap":{"0":{"name":"(anonymous_0)","decl":{"start":{"line":3,"column":17},"end":{"line":3,"column":18}},"loc":{"start":{"line":3,"column":43},"end":{"line":28,"column":1}},"line":3},"1":{"name":"(anonymous_1)","decl":{"start":{"line":10,"column":4},"end":{"line":10,"column":5}},"loc":{"start":{"line":10,"column":29},"end":{"line":13,"column":5}},"line":10}},"branchMap":{},"s":{"0":1,"1":1,"2":1,"3":1,"4":1},"f":{"0":1,"1":1},"b":{},"_coverageSchema":"1a1c01bbd47fc00a2c39e90264f33305004495a9","hash":"7587be75e2ff0ad2923857ee8ffca48e39ba04bd"}
}
