TN:
SF:app.js
FN:15,(anonymous_0)
FNF:1
FNH:1
FNDA:1,(anonymous_0)
DA:1,1
DA:2,1
DA:3,1
DA:4,1
DA:5,1
DA:6,1
DA:8,1
DA:11,1
DA:12,1
DA:15,1
DA:16,1
DA:18,1
DA:19,1
DA:20,1
DA:23,1
DA:24,1
DA:26,1
DA:29,1
DA:30,1
DA:31,1
DA:33,1
DA:34,1
DA:36,1
DA:37,1
DA:39,1
DA:41,1
DA:42,1
DA:44,1
DA:46,1
DA:51,1
DA:53,1
DA:54,1
DA:60,1
LF:33
LH:33
BRDA:6,0,0,1
BRDA:6,0,1,1
BRF:2
BRH:2
end_of_record
TN:
SF:controllers\mainController.js
FN:15,(anonymous_0)
FN:38,(anonymous_1)
FN:60,(anonymous_2)
FN:73,(anonymous_3)
FN:101,(anonymous_4)
FN:117,(anonymous_5)
FN:132,(anonymous_6)
FN:153,(anonymous_7)
FN:165,(anonymous_8)
FN:180,(anonymous_9)
FN:197,(anonymous_10)
FN:214,(anonymous_11)
FN:243,(anonymous_12)
FN:267,(anonymous_13)
FN:294,(anonymous_14)
FNF:15
FNH:15
FNDA:3,(anonymous_0)
FNDA:3,(anonymous_1)
FNDA:2,(anonymous_2)
FNDA:3,(anonymous_3)
FNDA:3,(anonymous_4)
FNDA:3,(anonymous_5)
FNDA:2,(anonymous_6)
FNDA:1,(anonymous_7)
FNDA:1,(anonymous_8)
FNDA:1,(anonymous_9)
FNDA:1,(anonymous_10)
FNDA:1,(anonymous_11)
FNDA:1,(anonymous_12)
FNDA:1,(anonymous_13)
FNDA:1,(anonymous_14)
DA:1,1
DA:9,1
DA:11,1
DA:16,3
DA:17,3
DA:18,3
DA:20,3
DA:21,1
DA:28,1
DA:30,2
DA:32,0
DA:33,0
DA:39,3
DA:40,3
DA:41,3
DA:42,3
DA:43,1
DA:50,1
DA:52,2
DA:54,0
DA:55,0
DA:61,2
DA:62,2
DA:63,2
DA:65,0
DA:66,0
DA:74,3
DA:75,3
DA:76,3
DA:77,3
DA:79,3
DA:80,0
DA:87,0
DA:90,3
DA:91,2
DA:93,1
DA:95,0
DA:96,0
DA:102,3
DA:103,3
DA:104,3
DA:106,3
DA:107,2
DA:109,1
DA:111,0
DA:112,0
DA:118,3
DA:119,3
DA:120,3
DA:121,3
DA:122,2
DA:124,1
DA:126,0
DA:127,0
DA:133,2
DA:134,2
DA:135,2
DA:136,2
DA:138,2
DA:139,1
DA:141,1
DA:145,1
DA:147,0
DA:148,0
DA:154,1
DA:155,1
DA:156,1
DA:157,1
DA:159,0
DA:160,0
DA:166,1
DA:167,1
DA:168,1
DA:172,1
DA:174,0
DA:175,0
DA:181,1
DA:182,1
DA:183,1
DA:185,1
DA:189,1
DA:191,0
DA:192,0
DA:198,1
DA:199,1
DA:200,1
DA:202,1
DA:206,1
DA:208,0
DA:209,0
DA:215,1
DA:216,1
DA:217,1
DA:218,1
DA:226,1
DA:227,0
DA:231,1
DA:232,1
DA:234,0
DA:238,0
DA:244,1
DA:245,1
DA:246,1
DA:247,1
DA:255,1
DA:256,0
DA:258,1
DA:259,1
DA:261,0
DA:262,0
DA:268,1
DA:269,1
DA:270,1
DA:271,1
DA:272,1
DA:281,1
DA:282,0
DA:284,1
DA:285,1
DA:286,1
DA:288,0
DA:289,0
DA:295,1
DA:296,1
DA:297,1
DA:298,1
DA:299,1
DA:310,1
DA:311,1
DA:313,0
DA:314,0
DA:315,0
DA:316,0
DA:318,0
DA:322,0
LF:135
LH:96
BRDA:20,0,0,1
BRDA:20,0,1,2
BRDA:42,1,0,1
BRDA:42,1,1,2
BRDA:79,2,0,0
BRDA:79,2,1,3
BRDA:90,3,0,2
BRDA:90,3,1,1
BRDA:106,4,0,2
BRDA:106,4,1,1
BRDA:121,5,0,2
BRDA:121,5,1,1
BRDA:138,6,0,1
BRDA:138,6,1,1
BRDA:169,7,0,1
BRDA:169,7,1,0
BRDA:219,8,0,1
BRDA:219,8,1,0
BRDA:226,9,0,0
BRDA:226,9,1,1
BRDA:248,10,0,1
BRDA:248,10,1,0
BRDA:255,11,0,0
BRDA:255,11,1,1
BRDA:273,12,0,1
BRDA:273,12,1,0
BRDA:281,13,0,0
BRDA:281,13,1,1
BRDA:284,14,0,1
BRDA:284,14,1,0
BRDA:303,15,0,1
BRDA:303,15,1,0
BRDA:310,16,0,1
BRDA:310,16,1,0
BRDA:313,17,0,0
BRDA:313,17,1,0
BRDA:314,18,0,0
BRDA:314,18,1,0
BRF:38
BRH:23
end_of_record
TN:
SF:controllers\userController.js
FN:7,(anonymous_0)
FN:36,(anonymous_1)
FNF:2
FNH:2
FNDA:2,(anonymous_0)
FNDA:2,(anonymous_1)
DA:1,1
DA:2,1
DA:3,1
DA:5,1
DA:8,2
DA:9,2
DA:10,1
DA:17,1
DA:20,1
DA:24,1
DA:28,0
DA:37,2
DA:39,2
DA:40,2
DA:41,0
DA:42,0
DA:44,2
DA:45,0
DA:46,0
DA:50,2
DA:51,2
DA:52,0
DA:55,0
DA:58,2
DA:60,2
DA:61,1
DA:64,1
DA:68,1
DA:70,0
LF:29
LH:21
BRDA:20,0,0,1
BRDA:20,0,1,0
BRDA:21,1,0,1
BRDA:21,1,1,1
BRDA:40,2,0,0
BRDA:40,2,1,2
BRDA:44,3,0,0
BRDA:44,3,1,2
BRDA:51,4,0,0
BRDA:51,4,1,2
BRDA:60,5,0,1
BRDA:60,5,1,1
BRF:12
BRH:8
end_of_record
TN:
SF:helpers\bcrypt.js
FN:3,hashPassword
FN:8,comparePassword
FNF:2
FNH:2
FNDA:1,hashPassword
FNDA:2,comparePassword
DA:1,1
DA:4,1
DA:5,1
DA:9,2
DA:12,1
LF:5
LH:5
BRF:0
BRH:0
end_of_record
TN:
SF:helpers\jwt.js
FN:3,signToken
FN:7,verifyToken
FNF:2
FNH:2
FNDA:2,signToken
FNDA:27,verifyToken
DA:1,1
DA:4,2
DA:8,27
DA:11,1
LF:4
LH:4
BRF:0
BRH:0
end_of_record
TN:
SF:middlewares\authentication.js
FN:4,authentication
FNF:1
FNH:1
FNDA:41,authentication
DA:1,1
DA:2,1
DA:4,1
DA:5,41
DA:7,41
DA:8,14
DA:9,14
DA:13,27
DA:15,27
DA:16,27
DA:17,0
DA:18,0
DA:21,27
DA:23,27
DA:25,0
DA:26,0
LF:16
LH:12
BRDA:7,0,0,14
BRDA:7,0,1,27
BRDA:16,1,0,0
BRDA:16,1,1,27
BRF:4
BRH:3
end_of_record
TN:
SF:middlewares\guardOwner.js
FN:3,guardCharacter
FN:25,guardMyTeam
FNF:2
FNH:2
FNDA:2,guardCharacter
FNDA:4,guardMyTeam
DA:1,1
DA:4,2
DA:5,2
DA:8,2
DA:9,1
DA:12,1
DA:15,1
DA:16,0
DA:19,0
DA:22,1
DA:27,4
DA:28,4
DA:29,4
DA:30,2
DA:33,2
DA:35,2
DA:36,0
DA:39,0
DA:41,2
DA:44,1
LF:20
LH:16
BRDA:8,0,0,1
BRDA:8,0,1,1
BRDA:15,1,0,0
BRDA:15,1,1,1
BRDA:29,2,0,2
BRDA:29,2,1,2
BRDA:35,3,0,0
BRDA:35,3,1,2
BRF:8
BRH:6
end_of_record
TN:
SF:models\artifact.js
FN:3,(anonymous_0)
FN:10,(anonymous_1)
FNF:2
FNH:2
FNDA:1,(anonymous_0)
FNDA:1,(anonymous_1)
DA:2,1
DA:3,1
DA:12,1
DA:15,1
DA:26,1
LF:5
LH:5
BRF:0
BRH:0
end_of_record
TN:
SF:models\character.js
FN:3,(anonymous_0)
FN:10,(anonymous_1)
FNF:2
FNH:2
FNDA:1,(anonymous_0)
FNDA:1,(anonymous_1)
DA:2,1
DA:3,1
DA:12,1
DA:15,1
DA:21,1
DA:48,1
LF:6
LH:6
BRF:0
BRH:0
end_of_record
TN:
SF:models\characterlist.js
FN:3,(anonymous_0)
FN:10,(anonymous_1)
FNF:2
FNH:2
FNDA:1,(anonymous_0)
FNDA:1,(anonymous_1)
DA:2,1
DA:3,1
DA:12,1
DA:13,1
DA:18,1
DA:29,1
LF:6
LH:6
BRF:0
BRH:0
end_of_record
TN:
SF:models\favoritecharacter.js
FN:3,(anonymous_0)
FN:10,(anonymous_1)
FNF:2
FNH:2
FNDA:1,(anonymous_0)
FNDA:1,(anonymous_1)
DA:2,1
DA:3,1
DA:12,1
DA:13,1
DA:16,1
DA:19,1
DA:22,1
DA:52,1
LF:8
LH:8
BRF:0
BRH:0
end_of_record
TN:
SF:models\myteam.js
FN:3,(anonymous_0)
FN:10,(anonymous_1)
FNF:2
FNH:2
FNDA:1,(anonymous_0)
FNDA:1,(anonymous_1)
DA:2,1
DA:3,1
DA:12,1
DA:13,1
DA:14,1
DA:20,1
DA:30,1
LF:7
LH:7
BRF:0
BRH:0
end_of_record
TN:
SF:models\user.js
FN:4,(anonymous_0)
FN:11,(anonymous_1)
FNF:2
FNH:2
FNDA:1,(anonymous_0)
FNDA:1,(anonymous_1)
DA:2,1
DA:3,1
DA:4,1
DA:13,1
DA:14,1
DA:17,1
DA:53,1
LF:7
LH:7
BRF:0
BRH:0
end_of_record
TN:
SF:models\weapon.js
FN:3,(anonymous_0)
FN:10,(anonymous_1)
FNF:2
FNH:2
FNDA:1,(anonymous_0)
FNDA:1,(anonymous_1)
DA:2,1
DA:3,1
DA:12,1
DA:15,1
DA:27,1
LF:5
LH:5
BRF:0
BRH:0
end_of_record
